SF:lib/domain/model/cart_widget_model.dart
DA:9,1
LF:1
LH:1
end_of_record
SF:lib/domain/model/contact_widget_model.dart
DA:11,1
LF:1
LH:1
end_of_record
SF:lib/domain/model/product_widget_model.dart
DA:14,3
LF:1
LH:1
end_of_record
SF:lib/domain/model/rating_widget_model.dart
DA:6,3
LF:1
LH:1
end_of_record
SF:lib/domain/model/submit_login_widget_model.dart
DA:6,1
LF:1
LH:1
end_of_record
SF:lib/domain/model/submit_sign_up_widget_model.dart
DA:10,1
LF:1
LH:1
end_of_record
SF:lib/foundations/themes/ecommerce_theme.dart
DA:5,18
LF:1
LH:1
end_of_record
SF:lib/presentation/widgets/atoms/custom_button_atom.dart
DA:12,3
DA:20,3
DA:22,3
DA:23,3
DA:28,6
DA:29,3
DA:30,12
DA:32,3
DA:33,3
LF:9
LH:9
end_of_record
SF:lib/presentation/widgets/atoms/custom_button_container_atom.dart
DA:8,1
DA:11,1
DA:13,1
DA:14,1
DA:15,1
DA:16,1
DA:17,1
DA:18,3
DA:19,1
DA:21,1
LF:10
LH:10
end_of_record
SF:lib/presentation/widgets/atoms/custom_text_atom.dart
DA:10,31
DA:13,9
DA:15,15
DA:16,9
DA:17,9
DA:18,9
DA:20,9
LF:7
LH:7
end_of_record
SF:lib/presentation/widgets/atoms/custom_text_field_atom.dart
DA:16,4
DA:27,4
DA:29,4
DA:30,4
DA:31,4
DA:33,4
DA:34,4
DA:36,4
DA:37,4
DA:41,4
DA:42,6
DA:43,4
DA:44,4
DA:46,8
DA:48,4
DA:49,6
DA:53,4
DA:54,12
DA:56,4
DA:57,2
DA:58,6
DA:59,2
LF:22
LH:22
end_of_record
SF:lib/presentation/widgets/atoms/icon_atom.dart
DA:8,18
DA:11,8
DA:13,8
DA:14,8
DA:15,8
DA:16,8
LF:6
LH:6
end_of_record
SF:lib/presentation/widgets/atoms/image_atom.dart
DA:9,2
DA:12,2
DA:14,2
DA:15,2
DA:16,2
DA:17,2
DA:18,2
LF:7
LH:7
end_of_record
SF:lib/presentation/widgets/atoms/custom_drop_down_menu_atom.dart
DA:10,1
DA:16,1
DA:18,1
DA:20,1
DA:22,1
DA:27,1
DA:28,1
DA:32,1
DA:33,1
DA:34,1
DA:35,2
DA:37,1
DA:38,1
DA:39,2
DA:41,1
DA:43,2
DA:44,1
DA:45,1
DA:47,1
DA:48,2
DA:49,3
LF:21
LH:21
end_of_record
SF:lib/presentation/widgets/molecules/icon_text_vertical_molecule.dart
DA:8,1
DA:11,1
DA:13,1
DA:14,5
LF:4
LH:4
end_of_record
SF:lib/presentation/widgets/molecules/card_item_molecule.dart
DA:8,2
DA:11,2
DA:13,2
DA:14,2
DA:16,2
DA:17,6
DA:18,2
DA:21,2
DA:23,2
DA:24,2
DA:26,2
DA:27,4
DA:32,2
DA:33,4
DA:37,8
DA:39,2
DA:41,2
DA:42,2
DA:44,8
DA:45,2
DA:47,8
LF:21
LH:21
end_of_record
SF:lib/presentation/widgets/molecules/icon_text_molecule.dart
DA:14,6
DA:24,6
DA:26,6
DA:28,6
DA:29,6
DA:30,6
DA:31,6
DA:32,6
DA:33,6
DA:35,6
DA:36,6
DA:38,18
LF:12
LH:12
end_of_record
SF:lib/presentation/widgets/molecules/text_field_form_molecule.dart
DA:20,3
DA:33,3
DA:35,3
DA:37,3
DA:38,3
DA:39,3
DA:40,3
DA:43,3
DA:44,3
DA:49,3
DA:50,3
DA:51,9
DA:52,3
DA:53,3
DA:54,3
DA:55,3
LF:16
LH:16
end_of_record
SF:lib/presentation/widgets/molecules/icon_cart_molecule.dart
DA:8,1
DA:11,1
DA:13,1
DA:16,1
DA:17,1
DA:18,3
DA:19,1
DA:21,1
DA:23,1
DA:36,1
DA:43,1
DA:44,1
LF:12
LH:12
end_of_record
SF:lib/presentation/widgets/molecules/cart_item_molecule.dart
DA:11,1
DA:18,1
DA:20,1
DA:21,1
DA:22,1
DA:25,1
DA:26,1
DA:27,1
DA:29,3
DA:31,1
DA:32,1
DA:34,1
DA:36,1
DA:37,1
DA:38,2
DA:45,1
DA:46,3
DA:52,1
DA:53,1
DA:54,1
DA:56,1
DA:58,1
DA:59,1
DA:62,3
DA:63,1
DA:64,3
DA:69,1
DA:70,3
DA:74,1
DA:77,3
DA:93,1
DA:95,1
DA:97,1
DA:98,2
LF:34
LH:34
end_of_record
SF:lib/presentation/widgets/organisms/navigation_widget_organism.dart
DA:9,1
DA:16,1
DA:18,1
DA:19,3
DA:20,1
DA:21,1
DA:22,1
LF:7
LH:7
end_of_record
SF:lib/presentation/widgets/organisms/card_list_widget_organism.dart
DA:9,2
DA:12,2
DA:14,2
DA:20,4
DA:21,4
DA:22,4
DA:23,10
DA:25,4
LF:8
LH:8
end_of_record
SF:lib/presentation/widgets/templates/login_form_widget_template.dart
DA:14,1
DA:24,1
DA:28,1
DA:29,1
DA:31,1
DA:32,1
DA:33,1
DA:36,1
DA:41,1
DA:42,1
DA:47,1
DA:49,1
DA:55,1
DA:56,1
DA:61,1
DA:63,1
DA:64,1
DA:65,1
DA:66,2
DA:67,2
DA:68,1
DA:71,1
DA:72,1
LF:23
LH:23
end_of_record
SF:lib/presentation/widgets/templates/search_view_widget_template.dart
DA:10,1
DA:17,1
DA:19,1
DA:20,1
DA:21,1
DA:22,3
DA:23,3
DA:31,1
DA:32,1
DA:33,1
DA:34,3
LF:11
LH:11
end_of_record
SF:lib/presentation/widgets/templates/sign_up_form_widget_template.dart
DA:13,1
DA:22,1
DA:30,1
DA:31,1
DA:33,1
DA:34,1
DA:35,1
DA:38,1
DA:43,1
DA:44,1
DA:49,1
DA:52,1
DA:57,1
DA:58,1
DA:63,1
DA:66,1
DA:72,1
DA:73,1
DA:78,1
DA:81,1
DA:86,1
DA:87,1
DA:92,1
DA:95,1
DA:100,1
DA:101,1
DA:106,1
DA:108,1
DA:114,1
DA:115,1
DA:120,1
DA:122,1
DA:123,1
DA:124,1
DA:125,2
DA:126,3
DA:135,1
DA:136,1
LF:38
LH:38
end_of_record
SF:lib/presentation/widgets/templates/catalog_view_widget_template.dart
DA:11,1
DA:19,1
DA:21,1
DA:22,1
DA:23,1
DA:24,1
DA:25,1
DA:26,3
DA:31,1
DA:32,1
DA:33,1
DA:34,3
LF:12
LH:12
end_of_record
SF:lib/presentation/widgets/templates/contact_view_widget_template.dart
DA:8,1
DA:10,1
DA:12,2
LF:3
LH:3
end_of_record
SF:lib/presentation/widgets/templates/detail_product_widget_template.dart
DA:8,1
DA:10,1
DA:12,1
DA:13,1
DA:14,1
LF:5
LH:5
end_of_record
SF:lib/presentation/widgets/templates/cart_view_widget_template.dart
DA:15,1
DA:26,1
DA:28,1
DA:29,1
DA:30,1
DA:31,1
DA:32,2
DA:33,2
DA:34,2
DA:35,5
DA:36,1
DA:37,4
DA:38,5
DA:43,1
DA:45,1
DA:50,1
DA:51,3
DA:56,1
DA:58,1
DA:59,3
DA:62,1
DA:63,1
LF:22
LH:22
end_of_record
SF:lib/presentation/widgets/pages/search_view_widget_page.dart
DA:11,1
DA:18,1
DA:20,1
DA:21,3
DA:22,1
DA:23,3
DA:24,3
LF:7
LH:7
end_of_record
SF:lib/presentation/widgets/pages/contact_view_widget_page.dart
DA:7,1
DA:9,1
DA:11,1
DA:20,1
LF:4
LH:4
end_of_record
SF:lib/presentation/widgets/extensions/string_extension.dart
DA:4,2
DA:5,2
DA:6,2
DA:7,1
LF:4
LH:4
end_of_record
SF:lib/presentation/widgets/organisms/contact_widget_organism.dart
DA:8,1
DA:10,1
DA:12,1
DA:14,1
DA:16,1
DA:17,1
DA:19,3
DA:24,1
DA:25,2
DA:33,1
DA:34,2
DA:42,1
DA:46,2
DA:50,1
DA:54,2
DA:58,1
DA:62,2
DA:66,1
DA:70,2
LF:19
LH:19
end_of_record
SF:lib/presentation/widgets/organisms/product_detail_widgtet_organism.dart
DA:7,1
DA:9,1
DA:11,1
DA:12,1
DA:14,1
DA:15,1
DA:16,2
DA:22,1
DA:23,2
DA:31,1
DA:33,2
DA:39,1
DA:40,4
DA:48,4
DA:52,2
DA:53,1
DA:55,4
DA:56,1
DA:58,4
LF:19
LH:19
end_of_record
